<?xml version="1.0" encoding="UTF-8"?>
<!-- Generated by org.testng.reporters.JUnitReportReporter -->
<testsuite hostname="AlvinT14" name="com.alvin.cases.LoginCase" tests="4" failures="0" timestamp="22 Jul 2022 02:23:54 GMT" time="0.457" errors="0">
  <testcase name="test_LoginCase" time="0.095" classname="com.alvin.cases.LoginCase"/>
  <testcase name="test_LoginCase" time="0.168" classname="com.alvin.cases.LoginCase"/>
  <testcase name="test_LoginCase" time="0.096" classname="com.alvin.cases.LoginCase"/>
  <testcase name="test_LoginCase" time="0.098" classname="com.alvin.cases.LoginCase"/>
</testsuite> <!-- com.alvin.cases.LoginCase -->
