<?xml version="1.0" encoding="UTF-8"?>
<!-- Generated by org.testng.reporters.JUnitReportReporter -->
<testsuite hostname="AlvinT14" name="com.alvin.cases.RegisterCase" tests="6" failures="0" timestamp="19 Jul 2022 08:12:52 GMT" time="1.479" errors="0">
  <testcase name="test" time="0.997" classname="com.alvin.cases.RegisterCase"/>
  <testcase name="test" time="0.097" classname="com.alvin.cases.RegisterCase"/>
  <testcase name="test" time="0.099" classname="com.alvin.cases.RegisterCase"/>
  <testcase name="test" time="0.101" classname="com.alvin.cases.RegisterCase"/>
  <testcase name="test" time="0.093" classname="com.alvin.cases.RegisterCase"/>
  <testcase name="test" time="0.092" classname="com.alvin.cases.RegisterCase"/>
</testsuite> <!-- com.alvin.cases.RegisterCase -->
