<?xml version="1.0" encoding="UTF-8"?>
<!-- Generated by org.testng.reporters.JUnitReportReporter -->
<testsuite skipped="1" hostname="alvin" name="com.alvin.cases.LoginCase" tests="1" failures="0" timestamp="2023-06-24T09:45:31 CST" time="0.000" errors="0">
  <testcase name="test_LoginCase" time="0.000" classname="com.alvin.cases.LoginCase">
    <skipped/>
  </testcase> <!-- test_LoginCase -->
  <system-out/>
</testsuite> <!-- com.alvin.cases.LoginCase -->
