<?xml version="1.0" encoding="UTF-8"?>
<!-- Generated by org.testng.reporters.JUnitReportReporter -->
<testsuite hostname="AlvinT14" name="com.alvin.cases.RegisterCase" tests="7" failures="0" timestamp="22 Jul 2022 02:23:54 GMT" time="0.870" errors="0">
  <testcase name="test_RegisterCase" time="0.156" classname="com.alvin.cases.RegisterCase"/>
  <testcase name="test_RegisterCase" time="0.096" classname="com.alvin.cases.RegisterCase"/>
  <testcase name="test_RegisterCase" time="0.094" classname="com.alvin.cases.RegisterCase"/>
  <testcase name="test_RegisterCase" time="0.094" classname="com.alvin.cases.RegisterCase"/>
  <testcase name="test_RegisterCase" time="0.100" classname="com.alvin.cases.RegisterCase"/>
  <testcase name="test_RegisterCase" time="0.096" classname="com.alvin.cases.RegisterCase"/>
  <testcase name="test_RegisterCase" time="0.234" classname="com.alvin.cases.RegisterCase"/>
</testsuite> <!-- com.alvin.cases.RegisterCase -->
