<?xml version="1.0" encoding="UTF-8"?>
<!-- Generated by org.testng.reporters.JUnitReportReporter -->
<testsuite hostname="AlvinT14" name="com.alvin.cases.RechargeCase" tests="5" failures="0" timestamp="22 Jul 2022 02:23:54 GMT" time="0.553" errors="0">
  <testcase name="test_RechargeCase" time="0.100" classname="com.alvin.cases.RechargeCase"/>
  <testcase name="test_RechargeCase" time="0.100" classname="com.alvin.cases.RechargeCase"/>
  <testcase name="test_RechargeCase" time="0.159" classname="com.alvin.cases.RechargeCase"/>
  <testcase name="test_RechargeCase" time="0.100" classname="com.alvin.cases.RechargeCase"/>
  <testcase name="test_RechargeCase" time="0.094" classname="com.alvin.cases.RechargeCase"/>
</testsuite> <!-- com.alvin.cases.RechargeCase -->
